app/build/outputs/logs/manifest-merger-release-report.txt
-- Merging decision tree log ---
manifest
ADDED from src\main\AndroidManifest.xml:2:1-477:12
	xmlns:android
		ADDED from src\main\AndroidManifest.xml:2:11-69
	package
		ADDED from src\main\AndroidManifest.xml:3:5-32
		INJECTED from src\main\AndroidManifest.xml
		INJECTED from src\main\AndroidManifest.xml
	android:versionName
		INJECTED from src\main\AndroidManifest.xml
		INJECTED from src\main\AndroidManifest.xml
	android:versionCode
		INJECTED from src\main\AndroidManifest.xml
		INJECTED from src\main\AndroidManifest.xml
uses-permission#android.permission.INTERNET
ADDED from src\main\AndroidManifest.xml:5:5-67
	android:name
		ADDED from src\main\AndroidManifest.xml:5:22-64
uses-permission#android.permission.ACCESS_WIFI_STATE
ADDED from src\main\AndroidManifest.xml:6:5-76
	android:name
		ADDED from src\main\AndroidManifest.xml:6:22-73
uses-permission#android.permission.WRITE_EXTERNAL_STORAGE
ADDED from src\main\AndroidManifest.xml:7:5-81
	android:name
		ADDED from src\main\AndroidManifest.xml:7:22-78
uses-permission#android.permission.RESTART_PACKAGES
ADDED from src\main\AndroidManifest.xml:8:5-75
	android:name
		ADDED from src\main\AndroidManifest.xml:8:22-72
uses-permission#android.permission.READ_PHONE_STATE
ADDED from src\main\AndroidManifest.xml:9:5-75
	android:name
		ADDED from src\main\AndroidManifest.xml:9:22-72
uses-permission#android.permission.CAMERA
ADDED from src\main\AndroidManifest.xml:10:5-65
	android:name
		ADDED from src\main\AndroidManifest.xml:10:22-62
uses-permission#android.permission.ACCESS_NETWORK_STATE
ADDED from src\main\AndroidManifest.xml:11:5-79
	android:name
		ADDED from src\main\AndroidManifest.xml:11:22-76
uses-permission#junnet.permission.DEVICE_STATE
ADDED from src\main\AndroidManifest.xml:12:5-70
	android:name
		ADDED from src\main\AndroidManifest.xml:12:22-67
uses-permission#android.permission.CALL_PHONE
ADDED from src\main\AndroidManifest.xml:13:5-69
	android:name
		ADDED from src\main\AndroidManifest.xml:13:22-66
uses-permission#android.permission.GET_TASKS
ADDED from src\main\AndroidManifest.xml:14:5-68
	android:name
		ADDED from src\main\AndroidManifest.xml:14:22-65
uses-permission#android.permission.CHANGE_WIFI_STATE
ADDED from src\main\AndroidManifest.xml:15:5-76
	android:name
		ADDED from src\main\AndroidManifest.xml:15:22-73
uses-permission#android.permission.MANAGE_ACCOUNTS
ADDED from src\main\AndroidManifest.xml:16:5-74
	android:name
		ADDED from src\main\AndroidManifest.xml:16:22-71
uses-permission#android.permission.GET_ACCOUNTS
ADDED from src\main\AndroidManifest.xml:17:5-71
	android:name
		ADDED from src\main\AndroidManifest.xml:17:22-68
uses-permission#android.permission.WAKE_LOCK
ADDED from src\main\AndroidManifest.xml:19:5-68
	android:name
		ADDED from src\main\AndroidManifest.xml:19:22-65
uses-permission#android.permission.RECEIVE_BOOT_COMPLETED
ADDED from src\main\AndroidManifest.xml:20:5-81
	android:name
		ADDED from src\main\AndroidManifest.xml:20:22-78
uses-permission#android.permission.VIBRATE
ADDED from src\main\AndroidManifest.xml:21:5-66
	android:name
		ADDED from src\main\AndroidManifest.xml:21:22-63
uses-permission#android.permission.BLUETOOTH
ADDED from src\main\AndroidManifest.xml:23:5-68
	android:name
		ADDED from src\main\AndroidManifest.xml:23:22-65
uses-permission#android.permission.BLUETOOTH_ADMIN
ADDED from src\main\AndroidManifest.xml:24:5-74
	android:name
		ADDED from src\main\AndroidManifest.xml:24:22-71
uses-permission#getui.permission.GetuiService.${applicationId}
ADDED from src\main\AndroidManifest.xml:27:5-86
	android:name
		ADDED from src\main\AndroidManifest.xml:27:22-83
		INJECTED from src\main\AndroidManifest.xml
permission#getui.permission.GetuiService.${applicationId}
ADDED from src\main\AndroidManifest.xml:29:5-31:55
	android:protectionLevel
		ADDED from src\main\AndroidManifest.xml:31:9-41
	android:name
		ADDED from src\main\AndroidManifest.xml:30:9-70
		INJECTED from src\main\AndroidManifest.xml
application
ADDED from src\main\AndroidManifest.xml:33:5-475:19
MERGED from [com.android.support:support-v4:23.0.1] AndroidManifest.xml:22:5-20
	android:label
		ADDED from src\main\AndroidManifest.xml:37:9-36
		INJECTED from src\main\AndroidManifest.xml
	android:allowBackup
		ADDED from src\main\AndroidManifest.xml:35:9-35
	android:icon
		ADDED from src\main\AndroidManifest.xml:36:9-41
	android:theme
		ADDED from src\main\AndroidManifest.xml:38:9-68
	android:name
		ADDED from src\main\AndroidManifest.xml:34:9-59
meta-data#sak
ADDED from src\main\AndroidManifest.xml:40:9-42:68
	android:name
		ADDED from src\main\AndroidManifest.xml:41:13-31
	android:value
		ADDED from src\main\AndroidManifest.xml:42:13-65
meta-data#ssk
ADDED from src\main\AndroidManifest.xml:43:9-45:60
	android:name
		ADDED from src\main\AndroidManifest.xml:44:13-31
	android:value
		ADDED from src\main\AndroidManifest.xml:45:13-57
meta-data#rak
ADDED from src\main\AndroidManifest.xml:46:9-48:64
	android:name
		ADDED from src\main\AndroidManifest.xml:47:13-31
	android:value
		ADDED from src\main\AndroidManifest.xml:48:13-61
meta-data#rsk
ADDED from src\main\AndroidManifest.xml:49:9-51:50
	android:name
		ADDED from src\main\AndroidManifest.xml:50:13-31
	android:value
		ADDED from src\main\AndroidManifest.xml:51:13-47
meta-data#url
ADDED from src\main\AndroidManifest.xml:52:9-54:42
	android:name
		ADDED from src\main\AndroidManifest.xml:53:13-31
	android:value
		ADDED from src\main\AndroidManifest.xml:54:13-39
		INJECTED from src\main\AndroidManifest.xml
activity#com.diyou.activity.MainActivity
ADDED from src\main\AndroidManifest.xml:62:9-67:72
	android:screenOrientation
		ADDED from src\main\AndroidManifest.xml:66:13-49
	android:configChanges
		ADDED from src\main\AndroidManifest.xml:64:13-63
	android:theme
		ADDED from src\main\AndroidManifest.xml:67:13-60
	android:name
		ADDED from src\main\AndroidManifest.xml:63:13-59
	android:launchMode
		ADDED from src\main\AndroidManifest.xml:65:13-44
activity#com.diyou.activity.InvestmentDetailsActivity
ADDED from src\main\AndroidManifest.xml:68:9-72:61
	android:screenOrientation
		ADDED from src\main\AndroidManifest.xml:72:13-49
	android:label
		ADDED from src\main\AndroidManifest.xml:71:13-70
	android:configChanges
		ADDED from src\main\AndroidManifest.xml:70:13-63
	android:name
		ADDED from src\main\AndroidManifest.xml:69:13-72
activity#com.diyou.activity.CreditorRightsDetailsActivity
ADDED from src\main\AndroidManifest.xml:73:9-77:61
	android:screenOrientation
		ADDED from src\main\AndroidManifest.xml:77:13-49
	android:label
		ADDED from src\main\AndroidManifest.xml:76:13-75
	android:configChanges
		ADDED from src\main\AndroidManifest.xml:75:13-63
	android:name
		ADDED from src\main\AndroidManifest.xml:74:13-76
activity#com.diyou.activity.TheTenderActivity
ADDED from src\main\AndroidManifest.xml:78:9-82:61
	android:screenOrientation
		ADDED from src\main\AndroidManifest.xml:82:13-49
	android:label
		ADDED from src\main\AndroidManifest.xml:81:13-62
	android:configChanges
		ADDED from src\main\AndroidManifest.xml:80:13-63
	android:name
		ADDED from src\main\AndroidManifest.xml:79:13-64
activity#com.diyou.activity.MoneyManagementActivity
ADDED from src\main\AndroidManifest.xml:83:9-87:61
	android:screenOrientation
		ADDED from src\main\AndroidManifest.xml:87:13-49
	android:label
		ADDED from src\main\AndroidManifest.xml:86:13-68
	android:configChanges
		ADDED from src\main\AndroidManifest.xml:85:13-63
	android:name
		ADDED from src\main\AndroidManifest.xml:84:13-70
activity#com.diyou.activity.BeforeRegisteredActivity
ADDED from src\main\AndroidManifest.xml:88:9-92:61
	android:screenOrientation
		ADDED from src\main\AndroidManifest.xml:92:13-49
	android:label
		ADDED from src\main\AndroidManifest.xml:91:13-68
	android:configChanges
		ADDED from src\main\AndroidManifest.xml:90:13-63
	android:name
		ADDED from src\main\AndroidManifest.xml:89:13-71
activity#com.diyou.activity.RegisteredActivity
ADDED from src\main\AndroidManifest.xml:93:9-97:61
	android:screenOrientation
		ADDED from src\main\AndroidManifest.xml:97:13-49
	android:label
		ADDED from src\main\AndroidManifest.xml:96:13-68
	android:configChanges
		ADDED from src\main\AndroidManifest.xml:95:13-63
	android:name
		ADDED from src\main\AndroidManifest.xml:94:13-65
activity#com.diyou.activity.BeforeLoginActivity
ADDED from src\main\AndroidManifest.xml:98:9-102:61
	android:screenOrientation
		ADDED from src\main\AndroidManifest.xml:102:13-49
	android:label
		ADDED from src\main\AndroidManifest.xml:101:13-57
	android:configChanges
		ADDED from src\main\AndroidManifest.xml:100:13-63
	android:name
		ADDED from src\main\AndroidManifest.xml:99:13-66
activity#com.diyou.activity.LoginActivity
ADDED from src\main\AndroidManifest.xml:103:9-107:61
	android:screenOrientation
		ADDED from src\main\AndroidManifest.xml:107:13-49
	android:label
		ADDED from src\main\AndroidManifest.xml:106:13-57
	android:configChanges
		ADDED from src\main\AndroidManifest.xml:105:13-63
	android:name
		ADDED from src\main\AndroidManifest.xml:104:13-60
activity#com.diyou.activity.DetaileProblemActivity
ADDED from src\main\AndroidManifest.xml:108:9-112:61
	android:screenOrientation
		ADDED from src\main\AndroidManifest.xml:112:13-49
	android:label
		ADDED from src\main\AndroidManifest.xml:111:13-57
	android:configChanges
		ADDED from src\main\AndroidManifest.xml:110:13-63
	android:name
		ADDED from src\main\AndroidManifest.xml:109:13-69
activity#com.diyou.activity.RetrievePasswordActivity
ADDED from src\main\AndroidManifest.xml:113:9-117:61
	android:screenOrientation
		ADDED from src\main\AndroidManifest.xml:117:13-49
	android:label
		ADDED from src\main\AndroidManifest.xml:116:13-57
	android:configChanges
		ADDED from src\main\AndroidManifest.xml:115:13-63
	android:name
		ADDED from src\main\AndroidManifest.xml:114:13-71
activity#com.diyou.activity.ResetLoginPasswordActivity
ADDED from src\main\AndroidManifest.xml:118:9-122:61
	android:screenOrientation
		ADDED from src\main\AndroidManifest.xml:122:13-49
	android:label
		ADDED from src\main\AndroidManifest.xml:121:13-57
	android:configChanges
		ADDED from src\main\AndroidManifest.xml:120:13-63
	android:name
		ADDED from src\main\AndroidManifest.xml:119:13-73
activity#com.diyou.activity.AddBankCardActivity
ADDED from src\main\AndroidManifest.xml:123:9-126:61
	android:screenOrientation
		ADDED from src\main\AndroidManifest.xml:126:13-49
	android:configChanges
		ADDED from src\main\AndroidManifest.xml:125:13-63
	android:name
		ADDED from src\main\AndroidManifest.xml:124:13-66
activity#com.diyou.activity.HasCastProjectActivity
ADDED from src\main\AndroidManifest.xml:127:9-131:61
	android:screenOrientation
		ADDED from src\main\AndroidManifest.xml:131:13-49
	android:label
		ADDED from src\main\AndroidManifest.xml:130:13-68
	android:configChanges
		ADDED from src\main\AndroidManifest.xml:129:13-63
	android:name
		ADDED from src\main\AndroidManifest.xml:128:13-69
activity#com.diyou.activity.ProjectRepaymentPlanActivity
ADDED from src\main\AndroidManifest.xml:132:9-136:61
	android:screenOrientation
		ADDED from src\main\AndroidManifest.xml:136:13-49
	android:label
		ADDED from src\main\AndroidManifest.xml:135:13-74
	android:configChanges
		ADDED from src\main\AndroidManifest.xml:134:13-63
	android:name
		ADDED from src\main\AndroidManifest.xml:133:13-75
activity#com.diyou.activity.CreditorRightsActivity
ADDED from src\main\AndroidManifest.xml:137:9-140:61
	android:screenOrientation
		ADDED from src\main\AndroidManifest.xml:140:13-49
	android:configChanges
		ADDED from src\main\AndroidManifest.xml:139:13-63
	android:name
		ADDED from src\main\AndroidManifest.xml:138:13-69
activity#com.diyou.activity.TransactionDetailsActivity
ADDED from src\main\AndroidManifest.xml:141:9-145:61
	android:screenOrientation
		ADDED from src\main\AndroidManifest.xml:145:13-49
	android:label
		ADDED from src\main\AndroidManifest.xml:144:13-71
	android:configChanges
		ADDED from src\main\AndroidManifest.xml:143:13-63
	android:name
		ADDED from src\main\AndroidManifest.xml:142:13-73
activity#com.diyou.activity.AdvertisingActivity
ADDED from src\main\AndroidManifest.xml:146:9-149:61
	android:screenOrientation
		ADDED from src\main\AndroidManifest.xml:149:13-49
	android:configChanges
		ADDED from src\main\AndroidManifest.xml:148:13-63
	android:name
		ADDED from src\main\AndroidManifest.xml:147:13-66
activity#com.diyou.huifu.HuifuAuthenticationActivity
ADDED from src\main\AndroidManifest.xml:150:9-153:61
	android:screenOrientation
		ADDED from src\main\AndroidManifest.xml:153:13-49
	android:configChanges
		ADDED from src\main\AndroidManifest.xml:152:13-63
	android:name
		ADDED from src\main\AndroidManifest.xml:151:13-71
activity#com.diyou.huifu.HuifuBindBankCardActivity
ADDED from src\main\AndroidManifest.xml:154:9-158:61
	android:screenOrientation
		ADDED from src\main\AndroidManifest.xml:158:13-49
	android:label
		ADDED from src\main\AndroidManifest.xml:157:13-72
	android:configChanges
		ADDED from src\main\AndroidManifest.xml:156:13-63
	android:name
		ADDED from src\main\AndroidManifest.xml:155:13-69
activity#com.diyou.activity.AccountSecurityActivity
ADDED from src\main\AndroidManifest.xml:159:9-163:61
	android:screenOrientation
		ADDED from src\main\AndroidManifest.xml:163:13-49
	android:label
		ADDED from src\main\AndroidManifest.xml:162:13-68
	android:configChanges
		ADDED from src\main\AndroidManifest.xml:161:13-63
	android:name
		ADDED from src\main\AndroidManifest.xml:160:13-70
activity#com.diyou.activity.UpdateEmailActivity
ADDED from src\main\AndroidManifest.xml:164:9-167:61
	android:screenOrientation
		ADDED from src\main\AndroidManifest.xml:167:13-49
	android:configChanges
		ADDED from src\main\AndroidManifest.xml:166:13-63
	android:name
		ADDED from src\main\AndroidManifest.xml:165:13-66
activity#com.diyou.huifu.HuiFuPayActivity
ADDED from src\main\AndroidManifest.xml:168:9-172:61
	android:screenOrientation
		ADDED from src\main\AndroidManifest.xml:172:13-49
	android:label
		ADDED from src\main\AndroidManifest.xml:171:13-62
	android:configChanges
		ADDED from src\main\AndroidManifest.xml:170:13-63
	android:name
		ADDED from src\main\AndroidManifest.xml:169:13-60
activity#com.diyou.activity.ExitLoginActivity
ADDED from src\main\AndroidManifest.xml:173:9-177:61
	android:screenOrientation
		ADDED from src\main\AndroidManifest.xml:177:13-49
	android:label
		ADDED from src\main\AndroidManifest.xml:176:13-62
	android:configChanges
		ADDED from src\main\AndroidManifest.xml:175:13-63
	android:name
		ADDED from src\main\AndroidManifest.xml:174:13-64
activity#com.diyou.activity.UpdateLoginPasswordActivity
ADDED from src\main\AndroidManifest.xml:178:9-182:61
	android:screenOrientation
		ADDED from src\main\AndroidManifest.xml:182:13-49
	android:label
		ADDED from src\main\AndroidManifest.xml:181:13-73
	android:configChanges
		ADDED from src\main\AndroidManifest.xml:180:13-63
	android:name
		ADDED from src\main\AndroidManifest.xml:179:13-74
activity#com.diyou.activity.NoticeListActivity
ADDED from src\main\AndroidManifest.xml:183:9-187:61
	android:screenOrientation
		ADDED from src\main\AndroidManifest.xml:187:13-49
	android:label
		ADDED from src\main\AndroidManifest.xml:186:13-73
	android:configChanges
		ADDED from src\main\AndroidManifest.xml:185:13-63
	android:name
		ADDED from src\main\AndroidManifest.xml:184:13-65
activity#com.diyou.activity.RegisterSuccessActivity
ADDED from src\main\AndroidManifest.xml:188:9-192:61
	android:screenOrientation
		ADDED from src\main\AndroidManifest.xml:192:13-49
	android:label
		ADDED from src\main\AndroidManifest.xml:191:13-68
	android:configChanges
		ADDED from src\main\AndroidManifest.xml:190:13-63
	android:name
		ADDED from src\main\AndroidManifest.xml:189:13-70
activity#com.diyou.activity.LoanAgreementActivity
ADDED from src\main\AndroidManifest.xml:193:9-197:61
	android:screenOrientation
		ADDED from src\main\AndroidManifest.xml:197:13-49
	android:label
		ADDED from src\main\AndroidManifest.xml:196:13-68
	android:configChanges
		ADDED from src\main\AndroidManifest.xml:195:13-63
	android:name
		ADDED from src\main\AndroidManifest.xml:194:13-68
activity#com.diyou.huifu.HuiFuCashActivity
ADDED from src\main\AndroidManifest.xml:198:9-79
	android:name
		ADDED from src\main\AndroidManifest.xml:198:19-67
activity#com.diyou.activity.TestActivity
ADDED from src\main\AndroidManifest.xml:200:9-77
	android:name
		ADDED from src\main\AndroidManifest.xml:200:19-65
activity#com.diyou.activity.FundsDetailActivity
ADDED from src\main\AndroidManifest.xml:201:9-203:76
	android:label
		ADDED from src\main\AndroidManifest.xml:203:13-64
	android:name
		ADDED from src\main\AndroidManifest.xml:202:13-66
activity#com.diyou.activity.PhoneBindActivity
ADDED from src\main\AndroidManifest.xml:204:9-206:74
	android:label
		ADDED from src\main\AndroidManifest.xml:206:13-62
	android:name
		ADDED from src\main\AndroidManifest.xml:205:13-64
activity#com.diyou.activity.PhoneCodeActivity
ADDED from src\main\AndroidManifest.xml:207:9-209:74
	android:label
		ADDED from src\main\AndroidManifest.xml:209:13-62
	android:name
		ADDED from src\main\AndroidManifest.xml:208:13-64
activity#com.diyou.activity.RealNameAuthActivity
ADDED from src\main\AndroidManifest.xml:210:9-214:61
	android:screenOrientation
		ADDED from src\main\AndroidManifest.xml:214:13-49
	android:label
		ADDED from src\main\AndroidManifest.xml:212:13-66
	android:configChanges
		ADDED from src\main\AndroidManifest.xml:213:13-74
	android:name
		ADDED from src\main\AndroidManifest.xml:211:13-67
activity#com.diyou.activity.BidActivity
ADDED from src\main\AndroidManifest.xml:215:9-218:70
	android:windowSoftInputMode
		ADDED from src\main\AndroidManifest.xml:218:13-67
	android:screenOrientation
		ADDED from src\main\AndroidManifest.xml:217:13-49
	android:name
		ADDED from src\main\AndroidManifest.xml:216:13-58
activity#com.diyou.activity.BuyCreditorActivity
ADDED from src\main\AndroidManifest.xml:219:9-221:52
	android:screenOrientation
		ADDED from src\main\AndroidManifest.xml:221:13-49
	android:name
		ADDED from src\main\AndroidManifest.xml:220:13-66
activity#com.diyou.activity.AccountDetailActivity
ADDED from src\main\AndroidManifest.xml:222:9-86
	android:name
		ADDED from src\main\AndroidManifest.xml:222:19-74
activity#com.diyou.activity.SettingActivity
ADDED from src\main\AndroidManifest.xml:223:9-225:71
	android:label
		ADDED from src\main\AndroidManifest.xml:225:13-59
	android:name
		ADDED from src\main\AndroidManifest.xml:224:13-62
activity#com.diyou.activity.SettingPaymentActivity
ADDED from src\main\AndroidManifest.xml:226:9-229:70
	android:windowSoftInputMode
		ADDED from src\main\AndroidManifest.xml:229:13-67
	android:screenOrientation
		ADDED from src\main\AndroidManifest.xml:228:13-49
	android:name
		ADDED from src\main\AndroidManifest.xml:227:13-69
activity#com.diyou.activity.UserInfoActivity
ADDED from src\main\AndroidManifest.xml:230:9-232:73
	android:label
		ADDED from src\main\AndroidManifest.xml:232:13-61
	android:name
		ADDED from src\main\AndroidManifest.xml:231:13-63
activity#com.diyou.activity.MyInvestmentDetailActivity
ADDED from src\main\AndroidManifest.xml:233:9-235:84
	android:label
		ADDED from src\main\AndroidManifest.xml:235:13-72
	android:name
		ADDED from src\main\AndroidManifest.xml:234:13-73
activity#com.diyou.activity.WelcomeActivity
ADDED from src\main\AndroidManifest.xml:236:9-245:20
	android:label
		ADDED from src\main\AndroidManifest.xml:238:13-40
		INJECTED from src\main\AndroidManifest.xml
	android:theme
		ADDED from src\main\AndroidManifest.xml:239:13-60
	android:name
		ADDED from src\main\AndroidManifest.xml:237:13-62
intent-filter#android.intent.action.MAIN+android.intent.category.LAUNCHER
ADDED from src\main\AndroidManifest.xml:240:13-244:29
action#android.intent.action.MAIN
ADDED from src\main\AndroidManifest.xml:241:17-69
	android:name
		ADDED from src\main\AndroidManifest.xml:241:25-66
category#android.intent.category.LAUNCHER
ADDED from src\main\AndroidManifest.xml:243:17-77
	android:name
		ADDED from src\main\AndroidManifest.xml:243:27-74
activity#com.diyou.activity.GuidePageActivity
ADDED from src\main\AndroidManifest.xml:246:9-249:72
	android:label
		ADDED from src\main\AndroidManifest.xml:248:13-62
	android:theme
		ADDED from src\main\AndroidManifest.xml:249:13-60
	android:name
		ADDED from src\main\AndroidManifest.xml:247:13-64
activity#com.diyou.activity.LockSetupActivity
ADDED from src\main\AndroidManifest.xml:251:9-254:72
	android:label
		ADDED from src\main\AndroidManifest.xml:253:13-62
	android:theme
		ADDED from src\main\AndroidManifest.xml:254:13-60
	android:name
		ADDED from src\main\AndroidManifest.xml:252:13-64
activity#com.diyou.activity.LockActivity
ADDED from src\main\AndroidManifest.xml:255:9-257:68
	android:label
		ADDED from src\main\AndroidManifest.xml:257:13-56
	android:name
		ADDED from src\main\AndroidManifest.xml:256:13-59
activity#com.diyou.activity.PhoneChangeActivity
ADDED from src\main\AndroidManifest.xml:258:9-260:76
	android:label
		ADDED from src\main\AndroidManifest.xml:260:13-64
	android:name
		ADDED from src\main\AndroidManifest.xml:259:13-66
activity#com.diyou.activity.CheckOldPhoneActivity
ADDED from src\main\AndroidManifest.xml:261:9-263:79
	android:label
		ADDED from src\main\AndroidManifest.xml:263:13-67
	android:name
		ADDED from src\main\AndroidManifest.xml:262:13-68
activity#com.diyou.activity.UpdatePaymentActivity
ADDED from src\main\AndroidManifest.xml:264:9-267:52
	android:screenOrientation
		ADDED from src\main\AndroidManifest.xml:267:13-49
	android:configChanges
		ADDED from src\main\AndroidManifest.xml:266:13-63
	android:name
		ADDED from src\main\AndroidManifest.xml:265:13-68
activity#com.diyou.activity.TradeRecordDetailsActivity
ADDED from src\main\AndroidManifest.xml:268:9-271:52
	android:screenOrientation
		ADDED from src\main\AndroidManifest.xml:271:13-49
	android:configChanges
		ADDED from src\main\AndroidManifest.xml:270:13-63
	android:name
		ADDED from src\main\AndroidManifest.xml:269:13-73
activity#com.diyou.activity.InsideLetterActivity
ADDED from src\main\AndroidManifest.xml:272:9-275:52
	android:screenOrientation
		ADDED from src\main\AndroidManifest.xml:275:13-49
	android:configChanges
		ADDED from src\main\AndroidManifest.xml:274:13-63
	android:name
		ADDED from src\main\AndroidManifest.xml:273:13-67
activity#com.diyou.activity.TradeRecordActivity
ADDED from src\main\AndroidManifest.xml:276:9-279:52
	android:screenOrientation
		ADDED from src\main\AndroidManifest.xml:279:13-49
	android:configChanges
		ADDED from src\main\AndroidManifest.xml:278:13-63
	android:name
		ADDED from src\main\AndroidManifest.xml:277:13-66
activity#com.diyou.activity.RechargeRecordActivity
ADDED from src\main\AndroidManifest.xml:280:9-283:52
	android:screenOrientation
		ADDED from src\main\AndroidManifest.xml:283:13-49
	android:configChanges
		ADDED from src\main\AndroidManifest.xml:282:13-63
	android:name
		ADDED from src\main\AndroidManifest.xml:281:13-69
activity#com.diyou.activity.InsideLetterDetailsActivity
ADDED from src\main\AndroidManifest.xml:284:9-287:52
	android:screenOrientation
		ADDED from src\main\AndroidManifest.xml:287:13-49
	android:configChanges
		ADDED from src\main\AndroidManifest.xml:286:13-63
	android:name
		ADDED from src\main\AndroidManifest.xml:285:13-74
activity#com.diyou.activity.MyProjectActivity
ADDED from src\main\AndroidManifest.xml:288:9-291:52
	android:screenOrientation
		ADDED from src\main\AndroidManifest.xml:291:13-49
	android:configChanges
		ADDED from src\main\AndroidManifest.xml:290:13-63
	android:name
		ADDED from src\main\AndroidManifest.xml:289:13-64
activity#com.diyou.activity.EmailCodeActivity
ADDED from src\main\AndroidManifest.xml:292:9-295:52
	android:screenOrientation
		ADDED from src\main\AndroidManifest.xml:295:13-49
	android:configChanges
		ADDED from src\main\AndroidManifest.xml:294:13-63
	android:name
		ADDED from src\main\AndroidManifest.xml:293:13-64
activity#com.diyou.activity.EmailBindActivity
ADDED from src\main\AndroidManifest.xml:296:9-299:52
	android:screenOrientation
		ADDED from src\main\AndroidManifest.xml:299:13-49
	android:configChanges
		ADDED from src\main\AndroidManifest.xml:298:13-63
	android:name
		ADDED from src\main\AndroidManifest.xml:297:13-64
activity#com.mob.tools.MobUIShell
ADDED from src\main\AndroidManifest.xml:300:9-314:20
	android:windowSoftInputMode
		ADDED from src\main\AndroidManifest.xml:305:13-67
	android:screenOrientation
		ADDED from src\main\AndroidManifest.xml:303:13-49
	android:configChanges
		ADDED from src\main\AndroidManifest.xml:302:13-74
	android:theme
		ADDED from src\main\AndroidManifest.xml:304:13-72
	android:name
		ADDED from src\main\AndroidManifest.xml:301:13-52
intent-filter#android.intent.action.VIEW+android.intent.category.BROWSABLE+android.intent.category.DEFAULT
ADDED from src\main\AndroidManifest.xml:306:13-313:29
data
ADDED from src\main\AndroidManifest.xml:307:17-59
	android:scheme
		ADDED from src\main\AndroidManifest.xml:307:23-56
action#android.intent.action.VIEW
ADDED from src\main\AndroidManifest.xml:309:17-69
	android:name
		ADDED from src\main\AndroidManifest.xml:309:25-66
category#android.intent.category.BROWSABLE
ADDED from src\main\AndroidManifest.xml:311:17-78
	android:name
		ADDED from src\main\AndroidManifest.xml:311:27-75
category#android.intent.category.DEFAULT
ADDED from src\main\AndroidManifest.xml:312:17-76
	android:name
		ADDED from src\main\AndroidManifest.xml:312:27-73
activity#com.diyou.activity.WXEntryActivity
ADDED from src\main\AndroidManifest.xml:316:9-321:75
	android:screenOrientation
		ADDED from src\main\AndroidManifest.xml:320:13-49
	android:configChanges
		ADDED from src\main\AndroidManifest.xml:318:13-74
	android:theme
		ADDED from src\main\AndroidManifest.xml:321:13-72
	android:exported
		ADDED from src\main\AndroidManifest.xml:319:13-36
	android:name
		ADDED from src\main\AndroidManifest.xml:317:13-62
meta-data#PUSH_APPID
ADDED from src\main\AndroidManifest.xml:326:9-328:54
	android:name
		ADDED from src\main\AndroidManifest.xml:327:13-38
	android:value
		ADDED from src\main\AndroidManifest.xml:328:13-51
meta-data#PUSH_APPKEY
ADDED from src\main\AndroidManifest.xml:329:9-331:54
	android:name
		ADDED from src\main\AndroidManifest.xml:330:13-39
	android:value
		ADDED from src\main\AndroidManifest.xml:331:13-51
meta-data#PUSH_APPSECRET
ADDED from src\main\AndroidManifest.xml:332:9-334:53
	android:name
		ADDED from src\main\AndroidManifest.xml:333:13-42
	android:value
		ADDED from src\main\AndroidManifest.xml:334:13-50
meta-data#PUSH_GROUPID
ADDED from src\main\AndroidManifest.xml:335:9-337:32
	android:name
		ADDED from src\main\AndroidManifest.xml:336:13-40
	android:value
		ADDED from src\main\AndroidManifest.xml:337:13-29
service#com.diyou.pushservice.MyService
ADDED from src\main\AndroidManifest.xml:339:9-342:49
	android:process
		ADDED from src\main\AndroidManifest.xml:342:13-38
	android:enabled
		ADDED from src\main\AndroidManifest.xml:341:13-35
	android:name
		ADDED from src\main\AndroidManifest.xml:340:13-59
receiver#com.diyou.pushservice.PushReceiver
ADDED from src\main\AndroidManifest.xml:345:9-351:20
	android:exported
		ADDED from src\main\AndroidManifest.xml:347:13-37
	android:name
		ADDED from src\main\AndroidManifest.xml:346:13-62
intent-filter#com.igexin.sdk.action.cSGNVeNZXB6UesyrmhQb55
ADDED from src\main\AndroidManifest.xml:348:13-350:29
action#com.igexin.sdk.action.cSGNVeNZXB6UesyrmhQb55
ADDED from src\main\AndroidManifest.xml:349:17-87
	android:name
		ADDED from src\main\AndroidManifest.xml:349:25-84
service#com.igexin.sdk.PushService
ADDED from src\main\AndroidManifest.xml:354:9-358:54
	android:label
		ADDED from src\main\AndroidManifest.xml:357:13-47
	android:process
		ADDED from src\main\AndroidManifest.xml:358:13-43
	android:exported
		ADDED from src\main\AndroidManifest.xml:356:13-36
	android:name
		ADDED from src\main\AndroidManifest.xml:355:13-54
receiver#com.igexin.sdk.PushReceiver
ADDED from src\main\AndroidManifest.xml:360:9-371:20
	android:name
		ADDED from src\main\AndroidManifest.xml:360:19-61
intent-filter#android.intent.action.ACTION_POWER_CONNECTED+android.intent.action.ACTION_POWER_DISCONNECTED+android.intent.action.BOOT_COMPLETED+android.intent.action.MEDIA_MOUNTED+android.intent.action.USER_PRESENT+android.net.conn.CONNECTIVITY_CHANGE+com.igexin.sdk.action.refreshls
ADDED from src\main\AndroidManifest.xml:361:13-370:29
action#android.intent.action.BOOT_COMPLETED
ADDED from src\main\AndroidManifest.xml:362:17-79
	android:name
		ADDED from src\main\AndroidManifest.xml:362:25-76
action#android.net.conn.CONNECTIVITY_CHANGE
ADDED from src\main\AndroidManifest.xml:363:17-79
	android:name
		ADDED from src\main\AndroidManifest.xml:363:25-76
action#android.intent.action.USER_PRESENT
ADDED from src\main\AndroidManifest.xml:364:17-77
	android:name
		ADDED from src\main\AndroidManifest.xml:364:25-74
action#com.igexin.sdk.action.refreshls
ADDED from src\main\AndroidManifest.xml:365:17-74
	android:name
		ADDED from src\main\AndroidManifest.xml:365:25-71
action#android.intent.action.MEDIA_MOUNTED
ADDED from src\main\AndroidManifest.xml:367:17-78
	android:name
		ADDED from src\main\AndroidManifest.xml:367:25-75
action#android.intent.action.ACTION_POWER_CONNECTED
ADDED from src\main\AndroidManifest.xml:368:17-87
	android:name
		ADDED from src\main\AndroidManifest.xml:368:25-84
action#android.intent.action.ACTION_POWER_DISCONNECTED
ADDED from src\main\AndroidManifest.xml:369:17-90
	android:name
		ADDED from src\main\AndroidManifest.xml:369:25-87
receiver#com.igexin.sdk.PushManagerReceiver
ADDED from src\main\AndroidManifest.xml:372:9-378:20
	android:exported
		ADDED from src\main\AndroidManifest.xml:374:13-37
	android:name
		ADDED from src\main\AndroidManifest.xml:373:13-62
intent-filter#com.igexin.sdk.action.pushmanager
ADDED from src\main\AndroidManifest.xml:375:13-377:29
action#com.igexin.sdk.action.pushmanager
ADDED from src\main\AndroidManifest.xml:376:17-76
	android:name